Using pre-set license
Built from '2020.3/staging' branch; Version is '2020.3.22f1 (e1a7f79fd887) revision 14788599'; Using compiler version '192528614'; Build Type 'Release'
OS: 'Windows 10 Home Single Language; OS build 18363.1440; Version 1909; 64bit' Language: 'ru' Physical Memory: 8006 MB
BatchMode: 1, IsHumanControllingUs: 0, StartBugReporterOnCrash: 0, Is64bit: 1, IsPro: 0

COMMAND LINE ARGUMENTS:
C:\Program Files\Unity\Hub\Editor\2020.3.22f1\Editor\Unity.exe
-adb2
-batchMode
-noUpm
-name
AssetImportWorker0
-projectPath
C:/Users/Asus/Desktop/New Unity Project 2
-logFile
Logs/AssetImportWorker0.log
-srvPort
55553
Successfully changed project path to: C:/Users/Asus/Desktop/New Unity Project 2
C:/Users/Asus/Desktop/New Unity Project 2
Using Asset Import Pipeline V2.
Refreshing native plugins compatible for Editor in 69.79 ms, found 2 plugins.
Preloading 0 native plugins for Editor in 0.00 ms.
Initialize engine version: 2020.3.22f1 (e1a7f79fd887)
[Subsystems] Discovering subsystems at path C:/Program Files/Unity/Hub/Editor/2020.3.22f1/Editor/Data/Resources/UnitySubsystems
[Subsystems] Discovering subsystems at path C:/Users/Asus/Desktop/New Unity Project 2/Assets
GfxDevice: creating device client; threaded=0
Direct3D:
    Version:  Direct3D 11.0 [level 11.1]
    Renderer: NVIDIA GeForce MX150 (ID=0x1d12)
    Vendor:   
    VRAM:     1983 MB
    Driver:   27.21.14.6231
Initialize mono
Mono path[0] = 'C:/Program Files/Unity/Hub/Editor/2020.3.22f1/Editor/Data/Managed'
Mono path[1] = 'C:/Program Files/Unity/Hub/Editor/2020.3.22f1/Editor/Data/MonoBleedingEdge/lib/mono/unityjit'
Mono config path = 'C:/Program Files/Unity/Hub/Editor/2020.3.22f1/Editor/Data/MonoBleedingEdge/etc'
Using monoOptions --debugger-agent=transport=dt_socket,embedding=1,server=y,suspend=n,address=127.0.0.1:56540
Begin MonoManager ReloadAssembly
Registering precompiled unity dll's ...
Register platform support module: C:/Program Files/Unity/Hub/Editor/2020.3.22f1/Editor/Data/PlaybackEngines/WindowsStandaloneSupport/UnityEditor.WindowsStandalone.Extensions.dll
Registered in 0.003443 seconds.
Native extension for WindowsStandalone target not found
Refreshing native plugins compatible for Editor in 58.16 ms, found 2 plugins.
Preloading 0 native plugins for Editor in 0.00 ms.
Mono: successfully reloaded assembly
- Completed reload, in  2.634 seconds
Domain Reload Profiling:
	ReloadAssembly (2635ms)
		BeginReloadAssembly (72ms)
			ExecutionOrderSort (0ms)
			DisableScriptedObjects (0ms)
			BackupInstance (0ms)
			ReleaseScriptingObjects (0ms)
			CreateAndSetChildDomain (1ms)
		EndReloadAssembly (671ms)
			LoadAssemblies (69ms)
			RebuildTransferFunctionScriptingTraits (0ms)
			SetupTypeCache (230ms)
			ReleaseScriptCaches (0ms)
			RebuildScriptCaches (43ms)
			SetupLoadedEditorAssemblies (254ms)
				LogAssemblyErrors (0ms)
				InitializePlatformSupportModulesInManaged (18ms)
				SetLoadedEditorAssemblies (0ms)
				RefreshPlugins (59ms)
				BeforeProcessingInitializeOnLoad (22ms)
				ProcessInitializeOnLoadAttributes (112ms)
				ProcessInitializeOnLoadMethodAttributes (42ms)
				AfterProcessingInitializeOnLoad (0ms)
				EditorAssembliesLoaded (0ms)
			ExecutionOrderSort2 (0ms)
			AwakeInstancesAfterBackupRestoration (0ms)
Platform modules already initialized, skipping
Registering precompiled user dll's ...
Registered in 0.007252 seconds.
Begin MonoManager ReloadAssembly
Native extension for WindowsStandalone target not found
Refreshing native plugins compatible for Editor in 0.56 ms, found 2 plugins.
Preloading 0 native plugins for Editor in 0.00 ms.
Mono: successfully reloaded assembly
- Completed reload, in  1.550 seconds
Domain Reload Profiling:
	ReloadAssembly (1551ms)
		BeginReloadAssembly (191ms)
			ExecutionOrderSort (0ms)
			DisableScriptedObjects (6ms)
			BackupInstance (0ms)
			ReleaseScriptingObjects (0ms)
			CreateAndSetChildDomain (25ms)
		EndReloadAssembly (1284ms)
			LoadAssemblies (118ms)
			RebuildTransferFunctionScriptingTraits (0ms)
			SetupTypeCache (431ms)
			ReleaseScriptCaches (1ms)
			RebuildScriptCaches (75ms)
			SetupLoadedEditorAssemblies (462ms)
				LogAssemblyErrors (0ms)
				InitializePlatformSupportModulesInManaged (9ms)
				SetLoadedEditorAssemblies (1ms)
				RefreshPlugins (1ms)
				BeforeProcessingInitializeOnLoad (118ms)
				ProcessInitializeOnLoadAttributes (313ms)
				ProcessInitializeOnLoadMethodAttributes (12ms)
				AfterProcessingInitializeOnLoad (9ms)
				EditorAssembliesLoaded (0ms)
			ExecutionOrderSort2 (0ms)
			AwakeInstancesAfterBackupRestoration (8ms)
Platform modules already initialized, skipping
========================================================================
Worker process is ready to serve import requests
Launched and connected shader compiler UnityShaderCompiler.exe after 0.08 seconds
Refreshing native plugins compatible for Editor in 0.82 ms, found 2 plugins.
Preloading 0 native plugins for Editor in 0.00 ms.
Unloading 1674 Unused Serialized files (Serialized files now loaded: 0)
System memory in use before: 107.5 MB.
System memory in use after: 107.3 MB.

Unloading 20 unused Assets to reduce memory usage. Loaded Objects now: 2127.
Total: 6.007100 ms (FindLiveObjects: 0.226800 ms CreateObjectMapping: 0.086700 ms MarkObjects: 5.143700 ms  DeleteObjects: 0.547800 ms)

AssetImportParameters requested are different than current active one (requested -> active):
  custom:framework-win-MediaFoundation: 216162199b28c13a410421893ffa2e32 -> 
  custom:video-decoder-ogg-theora: a1e56fd34408186e4bbccfd4996cb3dc -> 
  custom:container-muxer-webm: aa71ff27fc2769a1b78a27578f13a17b -> 
  custom:container-demuxer-webm: 4f35f7cbe854078d1ac9338744f61a02 -> 
  custom:container-demuxer-ogg: 62fdf1f143b41e24485cea50d1cbac27 -> 
  custom:video-encoder-webm-vp8: eb34c28f22e8b96e1ab97ce403110664 -> 
  custom:video-decoder-webm-vp8: 9c59270c3fd7afecdb556c50c9e8de78 -> 
  custom:audio-decoder-ogg-vorbis: bf7c407c2cedff20999df2af8eb42d56 -> 
  custom:audio-encoder-webm-vorbis: bf7c407c2cedff20999df2af8eb42d56 -> 
========================================================================
Received Import Request.
  path: Assets/YEE.FBX
  artifactKey: Guid(9545aeda43fc222459cbcc1b719e7ebf) Importer(815301076,1909f56bfc062723c751e8b465ee728b)
Start importing Assets/YEE.FBX using Guid(9545aeda43fc222459cbcc1b719e7ebf) Importer(815301076,1909f56bfc062723c751e8b465ee728b)  -> (artifact id: '8fa4bf4a57c850d59e5f25c1bf7300e3') in 1.275426 seconds 
  Import took 1.281422 seconds .

========================================================================
Received Import Request.
  Time since last request: 0.001293 seconds.
  path: Assets/LAST ONE.FBX
  artifactKey: Guid(b25446c052356374480a0d37b1d2f61f) Importer(815301076,1909f56bfc062723c751e8b465ee728b)
Start importing Assets/LAST ONE.FBX using Guid(b25446c052356374480a0d37b1d2f61f) Importer(815301076,1909f56bfc062723c751e8b465ee728b)  -> (artifact id: 'b9528402c6ade8c169831e543db84b4d') in 0.326405 seconds 
  Import took 0.331718 seconds .

========================================================================
Received Import Request.
  Time since last request: 0.000598 seconds.
  path: Assets/steny.jpg
  artifactKey: Guid(7c4c6fd381a739349a6312f6b18d799e) Importer(815301076,1909f56bfc062723c751e8b465ee728b)
Start importing Assets/steny.jpg using Guid(7c4c6fd381a739349a6312f6b18d799e) Importer(815301076,1909f56bfc062723c751e8b465ee728b)  -> (artifact id: 'a313c3ad1f0d441266c84e0ba492c810') in 0.051438 seconds 
  Import took 0.056943 seconds .

========================================================================
Received Import Request.
  Time since last request: 0.000496 seconds.
  path: Assets/IOIOIO.FBX
  artifactKey: Guid(a1f940461e9cc674c82e319797bd569d) Importer(815301076,1909f56bfc062723c751e8b465ee728b)
Start importing Assets/IOIOIO.FBX using Guid(a1f940461e9cc674c82e319797bd569d) Importer(815301076,1909f56bfc062723c751e8b465ee728b)  -> (artifact id: 'd632b56334db81e540d5b7318ce93993') in 0.308389 seconds 
  Import took 0.314505 seconds .

========================================================================
Received Import Request.
  Time since last request: 0.000493 seconds.
  path: Assets/LAST ONE 1.FBX
  artifactKey: Guid(fb5ad5a3dfcf0d0488c3e390884d8f16) Importer(815301076,1909f56bfc062723c751e8b465ee728b)
Start importing Assets/LAST ONE 1.FBX using Guid(fb5ad5a3dfcf0d0488c3e390884d8f16) Importer(815301076,1909f56bfc062723c751e8b465ee728b)  -> (artifact id: '0eda8e7748775a668ecf7597df863f39') in 0.295808 seconds 
  Import took 0.302026 seconds .

========================================================================
Received Import Request.
  Time since last request: 0.000615 seconds.
  path: Assets/i (1).jpg
  artifactKey: Guid(83e7f7c4b92c16f4b810bf05891b3e3d) Importer(815301076,1909f56bfc062723c751e8b465ee728b)
Start importing Assets/i (1).jpg using Guid(83e7f7c4b92c16f4b810bf05891b3e3d) Importer(815301076,1909f56bfc062723c751e8b465ee728b)  -> (artifact id: 'e8d25ff326516e9a112a5db739c90d37') in 0.013551 seconds 
  Import took 0.019788 seconds .

========================================================================
Received Import Request.
  Time since last request: 0.000568 seconds.
  path: Assets/door.FBX
  artifactKey: Guid(8bf1c861daba6684885f64647e7c6bab) Importer(815301076,1909f56bfc062723c751e8b465ee728b)
Start importing Assets/door.FBX using Guid(8bf1c861daba6684885f64647e7c6bab) Importer(815301076,1909f56bfc062723c751e8b465ee728b)  -> (artifact id: '83bf4b6abcaadf7a4a44781e35a249a5') in 0.202643 seconds 
  Import took 0.208359 seconds .

========================================================================
Received Import Request.
  Time since last request: 0.000424 seconds.
  path: Assets/doski.jpg
  artifactKey: Guid(921946bbce05e2c49bf48f57754f8b1a) Importer(815301076,1909f56bfc062723c751e8b465ee728b)
Start importing Assets/doski.jpg using Guid(921946bbce05e2c49bf48f57754f8b1a) Importer(815301076,1909f56bfc062723c751e8b465ee728b)  -> (artifact id: '5a192ba65977250b5d9aaa20910bebe3') in 0.014028 seconds 
  Import took 0.020915 seconds .

========================================================================
Received Import Request.
  Time since last request: 0.000557 seconds.
  path: Assets/i.jpg
  artifactKey: Guid(aa5f95c726a5de7409b2837eba517b6a) Importer(815301076,1909f56bfc062723c751e8b465ee728b)
Start importing Assets/i.jpg using Guid(aa5f95c726a5de7409b2837eba517b6a) Importer(815301076,1909f56bfc062723c751e8b465ee728b)  -> (artifact id: '475c09d2fffa40e30f21897ae1dae106') in 0.014587 seconds 
  Import took 0.020769 seconds .

========================================================================
Received Import Request.
  Time since last request: 0.000820 seconds.
  path: Assets/Fonarik_vkl.mp3
  artifactKey: Guid(3affb4cca70581345a88391e66112d47) Importer(815301076,1909f56bfc062723c751e8b465ee728b)
Start importing Assets/Fonarik_vkl.mp3 using Guid(3affb4cca70581345a88391e66112d47) Importer(815301076,1909f56bfc062723c751e8b465ee728b)  -> (artifact id: '50d0a0ba60989b7ee61c5f0edf26ac72') in 0.073039 seconds 
  Import took 0.079111 seconds .

========================================================================
Received Import Request.
  Time since last request: 0.000502 seconds.
  path: Assets/CRAZK___.TTF
  artifactKey: Guid(33ff4f064698a0044907e24c2cad3fca) Importer(815301076,1909f56bfc062723c751e8b465ee728b)
Start importing Assets/CRAZK___.TTF using Guid(33ff4f064698a0044907e24c2cad3fca) Importer(815301076,1909f56bfc062723c751e8b465ee728b)  -> (artifact id: 'cefd89fd419a0371dfbd61b11a70482d') in 0.065391 seconds 
  Import took 0.071339 seconds .

========================================================================
Received Import Request.
  Time since last request: 0.000482 seconds.
  path: Assets/New Terrain 1.asset
  artifactKey: Guid(aea80ea30d37b3f4ba3cb074bddcbd19) Importer(815301076,1909f56bfc062723c751e8b465ee728b)
Start importing Assets/New Terrain 1.asset using Guid(aea80ea30d37b3f4ba3cb074bddcbd19) Importer(815301076,1909f56bfc062723c751e8b465ee728b)  -> (artifact id: '8c29f4e8508ba80caa2cc54a8c2f0902') in 0.229911 seconds 
  Import took 0.235877 seconds .

========================================================================
Received Import Request.
  Time since last request: 0.000607 seconds.
  path: Assets/balka.jpg
  artifactKey: Guid(87fc47a4d7862b549b41d2794ec3c32b) Importer(815301076,1909f56bfc062723c751e8b465ee728b)
Start importing Assets/balka.jpg using Guid(87fc47a4d7862b549b41d2794ec3c32b) Importer(815301076,1909f56bfc062723c751e8b465ee728b)  -> (artifact id: '0f7c71cc30ba0ffcec2571653a3d02ba') in 0.011939 seconds 
  Import took 0.019404 seconds .

========================================================================
Received Import Request.
  Time since last request: 0.001233 seconds.
  path: Assets/19942892.jpg
  artifactKey: Guid(9f5e7d9716f71554f8fff96901e537dc) Importer(815301076,1909f56bfc062723c751e8b465ee728b)
Start importing Assets/19942892.jpg using Guid(9f5e7d9716f71554f8fff96901e537dc) Importer(815301076,1909f56bfc062723c751e8b465ee728b)  -> (artifact id: 'b17bbefec1f2d77fe3136a88982235e1') in 0.014925 seconds 
  Import took 0.022450 seconds .

========================================================================
Received Import Request.
  Time since last request: 0.000772 seconds.
  path: Assets/222.FBX
  artifactKey: Guid(98f3c9147a9069a459e29fc6b683b69d) Importer(815301076,1909f56bfc062723c751e8b465ee728b)
Start importing Assets/222.FBX using Guid(98f3c9147a9069a459e29fc6b683b69d) Importer(815301076,1909f56bfc062723c751e8b465ee728b)  -> (artifact id: '3ee3bb3d4ff0851e888a9ec18b8561bb') in 0.338077 seconds 
  Import took 0.345494 seconds .

========================================================================
Received Import Request.
  Time since last request: 0.000588 seconds.
  path: Assets/Slender.FBX
  artifactKey: Guid(de386411e681b0e4c800ad5f02a89226) Importer(815301076,1909f56bfc062723c751e8b465ee728b)
Start importing Assets/Slender.FBX using Guid(de386411e681b0e4c800ad5f02a89226) Importer(815301076,1909f56bfc062723c751e8b465ee728b)  -> (artifact id: '7e7bb97ccc6de7f16ecacb1021726dd2') in 0.056444 seconds 
  Import took 0.062217 seconds .

========================================================================
Received Import Request.
  Time since last request: 0.000507 seconds.
  path: Assets/New Terrain 2.asset
  artifactKey: Guid(43282e20799ece746bb8bc438d239d7b) Importer(815301076,1909f56bfc062723c751e8b465ee728b)
Start importing Assets/New Terrain 2.asset using Guid(43282e20799ece746bb8bc438d239d7b) Importer(815301076,1909f56bfc062723c751e8b465ee728b)  -> (artifact id: '680aa7d10123ab92353bdaf40f4b1afd') in 0.225431 seconds 
  Import took 0.232316 seconds .

========================================================================
Received Import Request.
  Time since last request: 0.000544 seconds.
  path: Assets/3ec230ea.PNG
  artifactKey: Guid(c1c17ae247334734d9186c5cf716e3fa) Importer(815301076,1909f56bfc062723c751e8b465ee728b)
Start importing Assets/3ec230ea.PNG using Guid(c1c17ae247334734d9186c5cf716e3fa) Importer(815301076,1909f56bfc062723c751e8b465ee728b)  -> (artifact id: '31319c55037e444307437d604f17a418') in 0.023390 seconds 
  Import took 0.030931 seconds .

========================================================================
Received Import Request.
  Time since last request: 0.000944 seconds.
  path: Assets/final round.FBX
  artifactKey: Guid(b521ff9e8fb79a843ac2e0d35665904b) Importer(815301076,1909f56bfc062723c751e8b465ee728b)
Start importing Assets/final round.FBX using Guid(b521ff9e8fb79a843ac2e0d35665904b) Importer(815301076,1909f56bfc062723c751e8b465ee728b)  -> (artifact id: '2a4c6d223d5c8f1da6071b3598e48598') in 1.611303 seconds 
  Import took 1.625036 seconds .

========================================================================
Received Import Request.
  Time since last request: 0.000564 seconds.
  path: Assets/kriltso.jpg
  artifactKey: Guid(a7d819c5defeaa54b986268364d45aab) Importer(815301076,1909f56bfc062723c751e8b465ee728b)
Start importing Assets/kriltso.jpg using Guid(a7d819c5defeaa54b986268364d45aab) Importer(815301076,1909f56bfc062723c751e8b465ee728b)  -> (artifact id: 'b65c4ca0994da70e9899493c1f09204c') in 0.017031 seconds 
  Import took 0.023626 seconds .

========================================================================
Received Import Request.
  Time since last request: 0.000660 seconds.
  path: Assets/rain1.mp3
  artifactKey: Guid(20d71a7370a7f7f47acbc30d98bdb362) Importer(815301076,1909f56bfc062723c751e8b465ee728b)
Start importing Assets/rain1.mp3 using Guid(20d71a7370a7f7f47acbc30d98bdb362) Importer(815301076,1909f56bfc062723c751e8b465ee728b)  -> (artifact id: '5d25896b78bfa35788e90bf13eb022bf') in 0.016376 seconds 
  Import took 0.023553 seconds .

========================================================================
Received Import Request.
  Time since last request: 0.000846 seconds.
  path: Assets/asphalt.jpg
  artifactKey: Guid(d255d58e67e5c4c4eae57447fb4d43d3) Importer(815301076,1909f56bfc062723c751e8b465ee728b)
Start importing Assets/asphalt.jpg using Guid(d255d58e67e5c4c4eae57447fb4d43d3) Importer(815301076,1909f56bfc062723c751e8b465ee728b)  -> (artifact id: 'fe750cbbb9369c5f6735bb9dad15487d') in 0.018803 seconds 
  Import took 0.025746 seconds .

========================================================================
Received Import Request.
  Time since last request: 0.000561 seconds.
  path: Assets/пнпн.FBX
  artifactKey: Guid(d050c09de231fe149b2d82820268d7b5) Importer(815301076,1909f56bfc062723c751e8b465ee728b)
Start importing Assets/пнпн.FBX using Guid(d050c09de231fe149b2d82820268d7b5) Importer(815301076,1909f56bfc062723c751e8b465ee728b)  -> (artifact id: '4688f933515e3826e9c42da2c1125e92') in 0.057786 seconds 
  Import took 0.063436 seconds .

========================================================================
Received Import Request.
  Time since last request: 0.000547 seconds.
  path: Assets/ASPHALT3.JPG
  artifactKey: Guid(e9cb1d58b80965b49a4b04b07873421a) Importer(815301076,1909f56bfc062723c751e8b465ee728b)
Start importing Assets/ASPHALT3.JPG using Guid(e9cb1d58b80965b49a4b04b07873421a) Importer(815301076,1909f56bfc062723c751e8b465ee728b)  -> (artifact id: 'cd403e18287bb1a2e8d90f4292747af8') in 0.016543 seconds 
  Import took 0.023191 seconds .

========================================================================
Received Import Request.
  Time since last request: 0.000868 seconds.
  path: Assets/New Terrain.asset
  artifactKey: Guid(ba4a1a14f9a3a0648bfd971a4c1aae9e) Importer(815301076,1909f56bfc062723c751e8b465ee728b)
Start importing Assets/New Terrain.asset using Guid(ba4a1a14f9a3a0648bfd971a4c1aae9e) Importer(815301076,1909f56bfc062723c751e8b465ee728b)  -> (artifact id: '1745addf96e4f17b88a08e2f5ca0fe81') in 0.180289 seconds 
  Import took 0.187140 seconds .

========================================================================
Received Import Request.
  Time since last request: 0.000554 seconds.
  path: Assets/pol.jpg
  artifactKey: Guid(20ddf4e9aefbcdb4286ba6bc2325a754) Importer(815301076,1909f56bfc062723c751e8b465ee728b)
Start importing Assets/pol.jpg using Guid(20ddf4e9aefbcdb4286ba6bc2325a754) Importer(815301076,1909f56bfc062723c751e8b465ee728b)  -> (artifact id: '3a1294aee61e48dfc0781e1c34d50a63') in 0.014747 seconds 
  Import took 0.020271 seconds .

========================================================================
Received Import Request.
  Time since last request: 0.000803 seconds.
  path: Assets/Materials
  artifactKey: Guid(0c0ae026581e88043bd3d1a8f11f6c95) Importer(815301076,1909f56bfc062723c751e8b465ee728b)
Start importing Assets/Materials using Guid(0c0ae026581e88043bd3d1a8f11f6c95) Importer(815301076,1909f56bfc062723c751e8b465ee728b)  -> (artifact id: 'c83d482a9efd17ca6f5c27b595550169') in 0.003973 seconds 
  Import took 0.011186 seconds .

========================================================================
Received Import Request.
  Time since last request: 0.000655 seconds.
  path: Assets/sschool(1).FBX
  artifactKey: Guid(a604d9ad8113c3f45a6f16c706333c15) Importer(815301076,1909f56bfc062723c751e8b465ee728b)
Start importing Assets/sschool(1).FBX using Guid(a604d9ad8113c3f45a6f16c706333c15) Importer(815301076,1909f56bfc062723c751e8b465ee728b)  -> (artifact id: '9aea82e8e6a79436b514d632b3d712a0') in 0.187941 seconds 
  Import took 0.194006 seconds .

========================================================================
Received Import Request.
  Time since last request: 0.000762 seconds.
  path: Assets/ffuuuuuu.FBX
  artifactKey: Guid(d50a95f1144a50b4a9bf1540bdc23471) Importer(815301076,1909f56bfc062723c751e8b465ee728b)
Start importing Assets/ffuuuuuu.FBX using Guid(d50a95f1144a50b4a9bf1540bdc23471) Importer(815301076,1909f56bfc062723c751e8b465ee728b)  -> (artifact id: 'f2c6f1211964b0c22a1f02efd1696c61') in 0.475779 seconds 
  Import took 0.482236 seconds .

========================================================================
Received Import Request.
  Time since last request: 0.000547 seconds.
  path: Assets/PlasterWhite0131_2_M.jpg
  artifactKey: Guid(a1003aa6410614e48a6b41722adace21) Importer(815301076,1909f56bfc062723c751e8b465ee728b)
Start importing Assets/PlasterWhite0131_2_M.jpg using Guid(a1003aa6410614e48a6b41722adace21) Importer(815301076,1909f56bfc062723c751e8b465ee728b)  -> (artifact id: 'b456cc80cff0e23428492c83f9496bcb') in 0.016767 seconds 
  Import took 0.023607 seconds .

AssetImportWorkerClient::OnTransportError - code=2 error=End of file
