Using pre-set license
Built from '2020.3/staging' branch; Version is '2020.3.23f1 (c5d91304a876) revision 12966163'; Using compiler version '192528614'; Build Type 'Release'
OS: 'Windows 10 Home Single Language; OS build 19042.1415; Version 2009; 64bit' Language: 'ru' Physical Memory: 10394 MB
BatchMode: 1, IsHumanControllingUs: 0, StartBugReporterOnCrash: 0, Is64bit: 1, IsPro: 0

COMMAND LINE ARGUMENTS:
D:\Programm\Unity\2020.3.23f1\Editor\Unity.exe
-adb2
-batchMode
-noUpm
-name
AssetImportWorker1
-projectPath
D:/Test/Ermackov/Ermakov
-logFile
Logs/AssetImportWorker1.log
-srvPort
51820
Successfully changed project path to: D:/Test/Ermackov/Ermakov
D:/Test/Ermackov/Ermakov
Using Asset Import Pipeline V2.
Refreshing native plugins compatible for Editor in 47.92 ms, found 2 plugins.
Preloading 0 native plugins for Editor in 0.00 ms.
Initialize engine version: 2020.3.23f1 (c5d91304a876)
[Subsystems] Discovering subsystems at path D:/Programm/Unity/2020.3.23f1/Editor/Data/Resources/UnitySubsystems
[Subsystems] Discovering subsystems at path D:/Test/Ermackov/Ermakov/Assets
GfxDevice: creating device client; threaded=0
Direct3D:
    Version:  Direct3D 11.0 [level 11.1]
    Renderer: NVIDIA GeForce GTX 1050 (ID=0x1c8d)
    Vendor:   
    VRAM:     1979 MB
    Driver:   30.0.14.9649
Initialize mono
Mono path[0] = 'D:/Programm/Unity/2020.3.23f1/Editor/Data/Managed'
Mono path[1] = 'D:/Programm/Unity/2020.3.23f1/Editor/Data/MonoBleedingEdge/lib/mono/unityjit'
Mono config path = 'D:/Programm/Unity/2020.3.23f1/Editor/Data/MonoBleedingEdge/etc'
Using monoOptions --debugger-agent=transport=dt_socket,embedding=1,server=y,suspend=n,address=127.0.0.1:56744
Begin MonoManager ReloadAssembly
Registering precompiled unity dll's ...
Register platform support module: D:/Programm/Unity/2020.3.23f1/Editor/Data/PlaybackEngines/WindowsStandaloneSupport/UnityEditor.WindowsStandalone.Extensions.dll
Registered in 0.001615 seconds.
Native extension for WindowsStandalone target not found
Refreshing native plugins compatible for Editor in 43.53 ms, found 2 plugins.
Preloading 0 native plugins for Editor in 0.00 ms.
Mono: successfully reloaded assembly
- Completed reload, in  0.731 seconds
Domain Reload Profiling:
	ReloadAssembly (732ms)
		BeginReloadAssembly (70ms)
			ExecutionOrderSort (0ms)
			DisableScriptedObjects (0ms)
			BackupInstance (0ms)
			ReleaseScriptingObjects (0ms)
			CreateAndSetChildDomain (1ms)
		EndReloadAssembly (578ms)
			LoadAssemblies (68ms)
			RebuildTransferFunctionScriptingTraits (0ms)
			SetupTypeCache (188ms)
			ReleaseScriptCaches (0ms)
			RebuildScriptCaches (46ms)
			SetupLoadedEditorAssemblies (217ms)
				LogAssemblyErrors (0ms)
				InitializePlatformSupportModulesInManaged (5ms)
				SetLoadedEditorAssemblies (1ms)
				RefreshPlugins (44ms)
				BeforeProcessingInitializeOnLoad (22ms)
				ProcessInitializeOnLoadAttributes (110ms)
				ProcessInitializeOnLoadMethodAttributes (36ms)
				AfterProcessingInitializeOnLoad (0ms)
				EditorAssembliesLoaded (0ms)
			ExecutionOrderSort2 (0ms)
			AwakeInstancesAfterBackupRestoration (0ms)
Platform modules already initialized, skipping
Registering precompiled user dll's ...
Registered in 0.004397 seconds.
Begin MonoManager ReloadAssembly
Native extension for WindowsStandalone target not found
Refreshing native plugins compatible for Editor in 0.41 ms, found 2 plugins.
Preloading 0 native plugins for Editor in 0.00 ms.
Mono: successfully reloaded assembly
- Completed reload, in  3.673 seconds
Domain Reload Profiling:
	ReloadAssembly (3711ms)
		BeginReloadAssembly (330ms)
			ExecutionOrderSort (10ms)
			DisableScriptedObjects (14ms)
			BackupInstance (0ms)
			ReleaseScriptingObjects (0ms)
			CreateAndSetChildDomain (65ms)
		EndReloadAssembly (3300ms)
			LoadAssemblies (994ms)
			RebuildTransferFunctionScriptingTraits (0ms)
			SetupTypeCache (1053ms)
			ReleaseScriptCaches (1ms)
			RebuildScriptCaches (62ms)
			SetupLoadedEditorAssemblies (1016ms)
				LogAssemblyErrors (0ms)
				InitializePlatformSupportModulesInManaged (6ms)
				SetLoadedEditorAssemblies (1ms)
				RefreshPlugins (0ms)
				BeforeProcessingInitializeOnLoad (143ms)
				ProcessInitializeOnLoadAttributes (744ms)
				ProcessInitializeOnLoadMethodAttributes (119ms)
				AfterProcessingInitializeOnLoad (2ms)
				EditorAssembliesLoaded (0ms)
			ExecutionOrderSort2 (0ms)
			AwakeInstancesAfterBackupRestoration (9ms)
Platform modules already initialized, skipping
========================================================================
Worker process is ready to serve import requests
Launched and connected shader compiler UnityShaderCompiler.exe after 0.44 seconds
Refreshing native plugins compatible for Editor in 0.45 ms, found 2 plugins.
Preloading 0 native plugins for Editor in 0.00 ms.
Unloading 1674 Unused Serialized files (Serialized files now loaded: 0)
System memory in use before: 90.8 MB.
System memory in use after: 90.6 MB.

Unloading 21 unused Assets to reduce memory usage. Loaded Objects now: 2109.
Total: 226.780400 ms (FindLiveObjects: 0.302600 ms CreateObjectMapping: 0.125500 ms MarkObjects: 222.544500 ms  DeleteObjects: 3.805800 ms)

AssetImportParameters requested are different than current active one (requested -> active):
  custom:framework-win-MediaFoundation: 216162199b28c13a410421893ffa2e32 -> 
  custom:video-decoder-ogg-theora: a1e56fd34408186e4bbccfd4996cb3dc -> 
  custom:container-muxer-webm: aa71ff27fc2769a1b78a27578f13a17b -> 
  custom:container-demuxer-webm: 4f35f7cbe854078d1ac9338744f61a02 -> 
  custom:container-demuxer-ogg: 62fdf1f143b41e24485cea50d1cbac27 -> 
  custom:video-encoder-webm-vp8: eb34c28f22e8b96e1ab97ce403110664 -> 
  custom:video-decoder-webm-vp8: 9c59270c3fd7afecdb556c50c9e8de78 -> 
  custom:audio-decoder-ogg-vorbis: bf7c407c2cedff20999df2af8eb42d56 -> 
  custom:audio-encoder-webm-vorbis: bf7c407c2cedff20999df2af8eb42d56 -> 
========================================================================
Received Import Request.
  path: Assets/door.FBX
  artifactKey: Guid(8bf1c861daba6684885f64647e7c6bab) Importer(815301076,1909f56bfc062723c751e8b465ee728b)
Start importing Assets/door.FBX using Guid(8bf1c861daba6684885f64647e7c6bab) Importer(815301076,1909f56bfc062723c751e8b465ee728b)  -> (artifact id: '41cd537704964d76ebf890b60b005799') in 4.515694 seconds 
  Import took 4.537735 seconds .

========================================================================
Received Import Request.
  Time since last request: 0.000507 seconds.
  path: Assets/doski.jpg
  artifactKey: Guid(921946bbce05e2c49bf48f57754f8b1a) Importer(815301076,1909f56bfc062723c751e8b465ee728b)
Start importing Assets/doski.jpg using Guid(921946bbce05e2c49bf48f57754f8b1a) Importer(815301076,1909f56bfc062723c751e8b465ee728b)  -> (artifact id: '5a192ba65977250b5d9aaa20910bebe3') in 0.217828 seconds 
  Import took 0.221336 seconds .

========================================================================
Received Import Request.
  Time since last request: 0.000289 seconds.
  path: Assets/CRAZK___.TTF
  artifactKey: Guid(33ff4f064698a0044907e24c2cad3fca) Importer(815301076,1909f56bfc062723c751e8b465ee728b)
Start importing Assets/CRAZK___.TTF using Guid(33ff4f064698a0044907e24c2cad3fca) Importer(815301076,1909f56bfc062723c751e8b465ee728b)  -> (artifact id: '3d33709606bd32d25b666f923759f38e') in 0.737723 seconds 
  Import took 0.741081 seconds .

========================================================================
Received Import Request.
  Time since last request: 0.000425 seconds.
  path: Assets/balka.jpg
  artifactKey: Guid(87fc47a4d7862b549b41d2794ec3c32b) Importer(815301076,1909f56bfc062723c751e8b465ee728b)
Start importing Assets/balka.jpg using Guid(87fc47a4d7862b549b41d2794ec3c32b) Importer(815301076,1909f56bfc062723c751e8b465ee728b)  -> (artifact id: '0f7c71cc30ba0ffcec2571653a3d02ba') in 0.047793 seconds 
  Import took 0.059094 seconds .

========================================================================
Received Import Request.
  Time since last request: 0.000345 seconds.
  path: Assets/19942892.jpg
  artifactKey: Guid(9f5e7d9716f71554f8fff96901e537dc) Importer(815301076,1909f56bfc062723c751e8b465ee728b)
Start importing Assets/19942892.jpg using Guid(9f5e7d9716f71554f8fff96901e537dc) Importer(815301076,1909f56bfc062723c751e8b465ee728b)  -> (artifact id: 'b17bbefec1f2d77fe3136a88982235e1') in 0.046664 seconds 
  Import took 0.049614 seconds .

========================================================================
Received Import Request.
  Time since last request: 0.000339 seconds.
  path: Assets/222.FBX
  artifactKey: Guid(98f3c9147a9069a459e29fc6b683b69d) Importer(815301076,1909f56bfc062723c751e8b465ee728b)
Start importing Assets/222.FBX using Guid(98f3c9147a9069a459e29fc6b683b69d) Importer(815301076,1909f56bfc062723c751e8b465ee728b)  -> (artifact id: 'fe10ce6aafa98992869d796ca814a62d') in 0.540793 seconds 
  Import took 0.544050 seconds .

========================================================================
Received Import Request.
  Time since last request: 0.000275 seconds.
  path: Assets/3ec230ea.PNG
  artifactKey: Guid(c1c17ae247334734d9186c5cf716e3fa) Importer(815301076,1909f56bfc062723c751e8b465ee728b)
Start importing Assets/3ec230ea.PNG using Guid(c1c17ae247334734d9186c5cf716e3fa) Importer(815301076,1909f56bfc062723c751e8b465ee728b)  -> (artifact id: '31319c55037e444307437d604f17a418') in 0.020785 seconds 
  Import took 0.024341 seconds .

========================================================================
Received Import Request.
  Time since last request: 0.000328 seconds.
  path: Assets/final round.FBX
  artifactKey: Guid(b521ff9e8fb79a843ac2e0d35665904b) Importer(815301076,1909f56bfc062723c751e8b465ee728b)
Start importing Assets/final round.FBX using Guid(b521ff9e8fb79a843ac2e0d35665904b) Importer(815301076,1909f56bfc062723c751e8b465ee728b)  -> (artifact id: '5cb563e8ccd1a83856440870f0818605') in 1.238547 seconds 
  Import took 1.243855 seconds .

========================================================================
Received Import Request.
  Time since last request: 0.000303 seconds.
  path: Assets/asphalt.jpg
  artifactKey: Guid(d255d58e67e5c4c4eae57447fb4d43d3) Importer(815301076,1909f56bfc062723c751e8b465ee728b)
Start importing Assets/asphalt.jpg using Guid(d255d58e67e5c4c4eae57447fb4d43d3) Importer(815301076,1909f56bfc062723c751e8b465ee728b)  -> (artifact id: 'fe750cbbb9369c5f6735bb9dad15487d') in 0.052307 seconds 
  Import took 0.055117 seconds .

========================================================================
Received Import Request.
  Time since last request: 0.000318 seconds.
  path: Assets/ASPHALT3.JPG
  artifactKey: Guid(e9cb1d58b80965b49a4b04b07873421a) Importer(815301076,1909f56bfc062723c751e8b465ee728b)
Start importing Assets/ASPHALT3.JPG using Guid(e9cb1d58b80965b49a4b04b07873421a) Importer(815301076,1909f56bfc062723c751e8b465ee728b)  -> (artifact id: 'cd403e18287bb1a2e8d90f4292747af8') in 0.090719 seconds 
  Import took 0.093505 seconds .

========================================================================
Received Import Request.
  Time since last request: 0.000343 seconds.
  path: Assets/ffuuuuuu.FBX
  artifactKey: Guid(d50a95f1144a50b4a9bf1540bdc23471) Importer(815301076,1909f56bfc062723c751e8b465ee728b)
Start importing Assets/ffuuuuuu.FBX using Guid(d50a95f1144a50b4a9bf1540bdc23471) Importer(815301076,1909f56bfc062723c751e8b465ee728b)  -> (artifact id: '9ab79838ef11d12b316aa415bab92288') in 0.413446 seconds 
  Import took 0.417609 seconds .

========================================================================
Received Import Request.
  Time since last request: 0.000293 seconds.
  path: Assets/Scenes
  artifactKey: Guid(551fe98c30893a24fbea823557fb6100) Importer(815301076,1909f56bfc062723c751e8b465ee728b)
Start importing Assets/Scenes using Guid(551fe98c30893a24fbea823557fb6100) Importer(815301076,1909f56bfc062723c751e8b465ee728b)  -> (artifact id: '2197b21346b53878ab7533e63361d99f') in 0.057050 seconds 
  Import took 0.060908 seconds .

========================================================================
Received Import Request.
  Time since last request: 39.633440 seconds.
  path: Assets/Standard Assets/Utility/TimedObjectActivator.cs
  artifactKey: Guid(3a7cedf246fca744f90cbdc9dbe41166) Importer(815301076,1909f56bfc062723c751e8b465ee728b)
Start importing Assets/Standard Assets/Utility/TimedObjectActivator.cs using Guid(3a7cedf246fca744f90cbdc9dbe41166) Importer(815301076,1909f56bfc062723c751e8b465ee728b)  -> (artifact id: '48e1a76ed1ede61ede641ec896d2b1fb') in 0.025721 seconds 
  Import took 0.029441 seconds .

========================================================================
Received Import Request.
  Time since last request: 9.896934 seconds.
  path: Assets/Materials/01 - Default.mat
  artifactKey: Guid(7ef58cf1f2d13494bbc681f78dbf451c) Importer(815301076,1909f56bfc062723c751e8b465ee728b)
Start importing Assets/Materials/01 - Default.mat using Guid(7ef58cf1f2d13494bbc681f78dbf451c) Importer(815301076,1909f56bfc062723c751e8b465ee728b)  -> (artifact id: 'b32998a92c05888fc5480617a5c41503') in 0.140373 seconds 
  Import took 0.167207 seconds .

========================================================================
Received Import Request.
  Time since last request: 0.000313 seconds.
  path: Assets/Materials/No Name.mat
  artifactKey: Guid(309607285438e5541bc182a8a81bd4df) Importer(815301076,1909f56bfc062723c751e8b465ee728b)
Start importing Assets/Materials/No Name.mat using Guid(309607285438e5541bc182a8a81bd4df) Importer(815301076,1909f56bfc062723c751e8b465ee728b)  -> (artifact id: '1a7a04f4d0bd0add34ce82cf7bc6d41c') in 0.057175 seconds 
  Import took 0.060570 seconds .

========================================================================
Received Import Request.
  Time since last request: 0.000363 seconds.
  path: Assets/Materials/08 - Default.mat
  artifactKey: Guid(b70a9367d8e7ccb4785822331ea0fbe4) Importer(815301076,1909f56bfc062723c751e8b465ee728b)
Start importing Assets/Materials/08 - Default.mat using Guid(b70a9367d8e7ccb4785822331ea0fbe4) Importer(815301076,1909f56bfc062723c751e8b465ee728b)  -> (artifact id: 'ec15873d976128ca60ab985fd6793057') in 0.039704 seconds 
  Import took 0.065286 seconds .

========================================================================
Received Import Request.
  Time since last request: 0.000309 seconds.
  path: Assets/Materials/13 - Default.mat
  artifactKey: Guid(645db978fe3b6464f8cfc52d87220187) Importer(815301076,1909f56bfc062723c751e8b465ee728b)
Start importing Assets/Materials/13 - Default.mat using Guid(645db978fe3b6464f8cfc52d87220187) Importer(815301076,1909f56bfc062723c751e8b465ee728b)  -> (artifact id: 'f77e97f5621c562a2ec169b17da82774') in 0.021463 seconds 
  Import took 0.024954 seconds .

========================================================================
Received Import Request.
  Time since last request: 0.000305 seconds.
  path: Assets/Materials/glass_0_70 2.mat
  artifactKey: Guid(6b5d837454fe289448897154d0dbbb8b) Importer(815301076,1909f56bfc062723c751e8b465ee728b)
Start importing Assets/Materials/glass_0_70 2.mat using Guid(6b5d837454fe289448897154d0dbbb8b) Importer(815301076,1909f56bfc062723c751e8b465ee728b)  -> (artifact id: '1b5de49f4d81ca7293b0a466b5f79d6f') in 0.017641 seconds 
  Import took 0.021630 seconds .

========================================================================
Received Import Request.
  Time since last request: 0.000276 seconds.
  path: Assets/Materials/Glass.mat
  artifactKey: Guid(93aadc4c47d2a954c93027abfc628755) Importer(815301076,1909f56bfc062723c751e8b465ee728b)
Start importing Assets/Materials/Glass.mat using Guid(93aadc4c47d2a954c93027abfc628755) Importer(815301076,1909f56bfc062723c751e8b465ee728b)  -> (artifact id: 'ff7287073276cc918053ed64ebba7f82') in 0.034203 seconds 
  Import took 0.037845 seconds .

========================================================================
Received Import Request.
  Time since last request: 0.000289 seconds.
  path: Assets/Materials/Material #3.mat
  artifactKey: Guid(7afc86e5d72c284468f404abe9ba5da0) Importer(815301076,1909f56bfc062723c751e8b465ee728b)
Start importing Assets/Materials/Material #3.mat using Guid(7afc86e5d72c284468f404abe9ba5da0) Importer(815301076,1909f56bfc062723c751e8b465ee728b)  -> (artifact id: 'b2537036a238048ddb6b0047df5c18c6') in 0.018213 seconds 
  Import took 0.021442 seconds .

========================================================================
Received Import Request.
  Time since last request: 0.000285 seconds.
  path: Assets/Materials/Nuovo.2.mat
  artifactKey: Guid(4d38c71fe8ae909448958b8ac434e425) Importer(815301076,1909f56bfc062723c751e8b465ee728b)
Start importing Assets/Materials/Nuovo.2.mat using Guid(4d38c71fe8ae909448958b8ac434e425) Importer(815301076,1909f56bfc062723c751e8b465ee728b)  -> (artifact id: '8e1fdb28a4be6cd8aa2e2d10ea7a793b') in 0.026050 seconds 
  Import took 0.029934 seconds .

========================================================================
Received Import Request.
  Time since last request: 0.000374 seconds.
  path: Assets/Materials/09 - Default.mat
  artifactKey: Guid(66ed9ee4a9b9acf47b316fb7b0a28899) Importer(815301076,1909f56bfc062723c751e8b465ee728b)
Start importing Assets/Materials/09 - Default.mat using Guid(66ed9ee4a9b9acf47b316fb7b0a28899) Importer(815301076,1909f56bfc062723c751e8b465ee728b)  -> (artifact id: '96095500b073cf268209c0343f9609ea') in 0.020447 seconds 
  Import took 0.023938 seconds .

========================================================================
Received Import Request.
  Time since last request: 0.000282 seconds.
  path: Assets/Materials/Arch & Design (mi)_4.mat
  artifactKey: Guid(d27ee4023e4a2e343a74582807cf7738) Importer(815301076,1909f56bfc062723c751e8b465ee728b)
Start importing Assets/Materials/Arch & Design (mi)_4.mat using Guid(d27ee4023e4a2e343a74582807cf7738) Importer(815301076,1909f56bfc062723c751e8b465ee728b)  -> (artifact id: '117370fadcc857f6f7cd1af010bdcb56') in 0.037162 seconds 
  Import took 0.041508 seconds .

========================================================================
Received Import Request.
  Time since last request: 0.000313 seconds.
  path: Assets/Materials/Material #311.mat
  artifactKey: Guid(f5c02c265e027824c92e895fad50bb00) Importer(815301076,1909f56bfc062723c751e8b465ee728b)
Start importing Assets/Materials/Material #311.mat using Guid(f5c02c265e027824c92e895fad50bb00) Importer(815301076,1909f56bfc062723c751e8b465ee728b)  -> (artifact id: 'da8ec55ffa88a6bbc5eb377401424b98') in 0.053982 seconds 
  Import took 0.057043 seconds .

========================================================================
Received Import Request.
  Time since last request: 0.000294 seconds.
  path: Assets/Materials/3ec230ea.mat
  artifactKey: Guid(5f43f54d4303f4a47b093b826f3080cb) Importer(815301076,1909f56bfc062723c751e8b465ee728b)
Start importing Assets/Materials/3ec230ea.mat using Guid(5f43f54d4303f4a47b093b826f3080cb) Importer(815301076,1909f56bfc062723c751e8b465ee728b)  -> (artifact id: 'cc4d57abae3f93ddd41589411a732415') in 0.012222 seconds 
  Import took 0.015579 seconds .

========================================================================
Received Import Request.
  Time since last request: 0.000278 seconds.
  path: Assets/Materials/Imago_wood.mat
  artifactKey: Guid(76111aa7c37fe9e4aa1d27d115e93e20) Importer(815301076,1909f56bfc062723c751e8b465ee728b)
Start importing Assets/Materials/Imago_wood.mat using Guid(76111aa7c37fe9e4aa1d27d115e93e20) Importer(815301076,1909f56bfc062723c751e8b465ee728b)  -> (artifact id: '570c0acaaaf9fac235f4d8c0235a1f37') in 0.016960 seconds 
  Import took 0.022724 seconds .

========================================================================
Received Import Request.
  Time since last request: 0.000459 seconds.
  path: Assets/Materials/doski.mat
  artifactKey: Guid(232e2bf3e7675b94d908ce8d94d88bbf) Importer(815301076,1909f56bfc062723c751e8b465ee728b)
Start importing Assets/Materials/doski.mat using Guid(232e2bf3e7675b94d908ce8d94d88bbf) Importer(815301076,1909f56bfc062723c751e8b465ee728b)  -> (artifact id: '82315dc8b2a014e5db667cad3f6bbb37') in 0.067417 seconds 
  Import took 0.071481 seconds .

========================================================================
Received Import Request.
  Time since last request: 0.000277 seconds.
  path: Assets/Materials/10 - Default.mat
  artifactKey: Guid(a6ce217b2937cd147836f21a50b4904c) Importer(815301076,1909f56bfc062723c751e8b465ee728b)
Start importing Assets/Materials/10 - Default.mat using Guid(a6ce217b2937cd147836f21a50b4904c) Importer(815301076,1909f56bfc062723c751e8b465ee728b)  -> (artifact id: '61fa04967b83022570f92f523180dce2') in 0.017526 seconds 
  Import took 0.020658 seconds .

========================================================================
Received Import Request.
  Time since last request: 0.000352 seconds.
  path: Assets/Materials/Material #2097627956.mat
  artifactKey: Guid(2e3bb5cdec81e24449203a8ef161aef6) Importer(815301076,1909f56bfc062723c751e8b465ee728b)
Start importing Assets/Materials/Material #2097627956.mat using Guid(2e3bb5cdec81e24449203a8ef161aef6) Importer(815301076,1909f56bfc062723c751e8b465ee728b)  -> (artifact id: 'f3d09d04f9243f26aca720a4321b07d4') in 0.017318 seconds 
  Import took 0.021323 seconds .

========================================================================
Received Import Request.
  Time since last request: 0.000320 seconds.
  path: Assets/Materials/balka.mat
  artifactKey: Guid(5378dd7c5536bb2449d86b59c1a0c34e) Importer(815301076,1909f56bfc062723c751e8b465ee728b)
Start importing Assets/Materials/balka.mat using Guid(5378dd7c5536bb2449d86b59c1a0c34e) Importer(815301076,1909f56bfc062723c751e8b465ee728b)  -> (artifact id: '92d6cbcdd6cf6dd77363952bd34c87cc') in 0.042134 seconds 
  Import took 0.046199 seconds .

========================================================================
Received Import Request.
  Time since last request: 0.000337 seconds.
  path: Assets/Materials/metal_ Алюминий (Object).mat
  artifactKey: Guid(12773ee094c450e4d8a85fc510a9ceaf) Importer(815301076,1909f56bfc062723c751e8b465ee728b)
Start importing Assets/Materials/metal_ Алюминий (Object).mat using Guid(12773ee094c450e4d8a85fc510a9ceaf) Importer(815301076,1909f56bfc062723c751e8b465ee728b)  -> (artifact id: 'aa4c467f83928bf0487f8faf987f3ea2') in 0.043266 seconds 
  Import took 0.046185 seconds .

========================================================================
Received Import Request.
  Time since last request: 0.000362 seconds.
  path: Assets/Materials/kriltso.mat
  artifactKey: Guid(b1ca1e5ea69bb0d4e9861eb53921aafa) Importer(815301076,1909f56bfc062723c751e8b465ee728b)
Start importing Assets/Materials/kriltso.mat using Guid(b1ca1e5ea69bb0d4e9861eb53921aafa) Importer(815301076,1909f56bfc062723c751e8b465ee728b)  -> (artifact id: '1374f96ee717801d313cbe6cf5d197cf') in 0.082861 seconds 
  Import took 0.086965 seconds .

========================================================================
Received Import Request.
  Time since last request: 0.000373 seconds.
  path: Assets/Materials/19942892.mat
  artifactKey: Guid(e99315916e26ff94eb5a8ef60be4337c) Importer(815301076,1909f56bfc062723c751e8b465ee728b)
Start importing Assets/Materials/19942892.mat using Guid(e99315916e26ff94eb5a8ef60be4337c) Importer(815301076,1909f56bfc062723c751e8b465ee728b)  -> (artifact id: 'a01e7c520b87254448253351d7fbb179') in 0.054501 seconds 
  Import took 0.058106 seconds .

========================================================================
Received Import Request.
  Time since last request: 0.000277 seconds.
  path: Assets/Materials/03 - Default.mat
  artifactKey: Guid(5ecf122fe1466b346babb02367c6b1ff) Importer(815301076,1909f56bfc062723c751e8b465ee728b)
Start importing Assets/Materials/03 - Default.mat using Guid(5ecf122fe1466b346babb02367c6b1ff) Importer(815301076,1909f56bfc062723c751e8b465ee728b)  -> (artifact id: '0b0411be26fc5ce2267e280c66aa82e8') in 0.016151 seconds 
  Import took 0.019686 seconds .

========================================================================
Received Import Request.
  Time since last request: 0.000304 seconds.
  path: Assets/Materials/buk3.mat
  artifactKey: Guid(34d0a17d5fc8f7b41913d9a4fdb9db2f) Importer(815301076,1909f56bfc062723c751e8b465ee728b)
Start importing Assets/Materials/buk3.mat using Guid(34d0a17d5fc8f7b41913d9a4fdb9db2f) Importer(815301076,1909f56bfc062723c751e8b465ee728b)  -> (artifact id: 'c40fbde74b1e6ee5bd56ed68dca406e1') in 0.016018 seconds 
  Import took 0.020140 seconds .

========================================================================
Received Import Request.
  Time since last request: 0.000457 seconds.
  path: Assets/Materials/07 - Default.mat
  artifactKey: Guid(ee02b940e136bda48be6febcb1175035) Importer(815301076,1909f56bfc062723c751e8b465ee728b)
Start importing Assets/Materials/07 - Default.mat using Guid(ee02b940e136bda48be6febcb1175035) Importer(815301076,1909f56bfc062723c751e8b465ee728b)  -> (artifact id: '050d5ca5ee0c4e0ba8a18c1e243ac22c') in 0.016626 seconds 
  Import took 0.021648 seconds .

========================================================================
Received Import Request.
  Time since last request: 0.000330 seconds.
  path: Assets/Materials/Material #312.mat
  artifactKey: Guid(1df4d5d5cc380964891f5b881bce8484) Importer(815301076,1909f56bfc062723c751e8b465ee728b)
Start importing Assets/Materials/Material #312.mat using Guid(1df4d5d5cc380964891f5b881bce8484) Importer(815301076,1909f56bfc062723c751e8b465ee728b)  -> (artifact id: 'd765d43b20a20c641c63410b33a2cb2a') in 0.073785 seconds 
  Import took 0.077442 seconds .

========================================================================
Received Import Request.
  Time since last request: 0.000299 seconds.
  path: Assets/Materials/DoorPlasticIns.mat
  artifactKey: Guid(e471b45c718d70449a9a33df39338baf) Importer(815301076,1909f56bfc062723c751e8b465ee728b)
Start importing Assets/Materials/DoorPlasticIns.mat using Guid(e471b45c718d70449a9a33df39338baf) Importer(815301076,1909f56bfc062723c751e8b465ee728b)  -> (artifact id: 'b1603a37b6f2c7ad6a613882e408d69e') in 0.040606 seconds 
  Import took 0.044356 seconds .

========================================================================
Received Import Request.
  Time since last request: 5.977413 seconds.
  path: Assets/Fonarik_vkl.mp3
  artifactKey: Guid(3affb4cca70581345a88391e66112d47) Importer(815301076,1909f56bfc062723c751e8b465ee728b)
Start importing Assets/Fonarik_vkl.mp3 using Guid(3affb4cca70581345a88391e66112d47) Importer(815301076,1909f56bfc062723c751e8b465ee728b)  -> (artifact id: '50d0a0ba60989b7ee61c5f0edf26ac72') in 0.195783 seconds 
  Import took 0.198733 seconds .

========================================================================
Received Import Request.
  Time since last request: 0.000372 seconds.
  path: Assets/LAST ONE.FBX
  artifactKey: Guid(b25446c052356374480a0d37b1d2f61f) Importer(815301076,1909f56bfc062723c751e8b465ee728b)
Start importing Assets/LAST ONE.FBX using Guid(b25446c052356374480a0d37b1d2f61f) Importer(815301076,1909f56bfc062723c751e8b465ee728b)  -> (artifact id: '7eeb35e0955b7f6395cff026e12c7950') in 0.302529 seconds 
  Import took 0.306060 seconds .

========================================================================
Received Import Request.
  Time since last request: 0.000362 seconds.
  path: Assets/IOIOIO.FBX
  artifactKey: Guid(a1f940461e9cc674c82e319797bd569d) Importer(815301076,1909f56bfc062723c751e8b465ee728b)
Start importing Assets/IOIOIO.FBX using Guid(a1f940461e9cc674c82e319797bd569d) Importer(815301076,1909f56bfc062723c751e8b465ee728b)  -> (artifact id: 'e3cdd355e0f1180a4e1666cb07bffb8a') in 0.264465 seconds 
  Import took 0.267977 seconds .

========================================================================
Received Import Request.
  Time since last request: 0.000395 seconds.
  path: Assets/LAST ONE 1.FBX
  artifactKey: Guid(fb5ad5a3dfcf0d0488c3e390884d8f16) Importer(815301076,1909f56bfc062723c751e8b465ee728b)
Start importing Assets/LAST ONE 1.FBX using Guid(fb5ad5a3dfcf0d0488c3e390884d8f16) Importer(815301076,1909f56bfc062723c751e8b465ee728b)  -> (artifact id: '5dd250b8fdf7e9fa2aa31c8817e84fb7') in 0.248384 seconds 
  Import took 0.277780 seconds .

========================================================================
Received Import Request.
  Time since last request: 0.000304 seconds.
  path: Assets/New Terrain 1.asset
  artifactKey: Guid(aea80ea30d37b3f4ba3cb074bddcbd19) Importer(815301076,1909f56bfc062723c751e8b465ee728b)
Start importing Assets/New Terrain 1.asset using Guid(aea80ea30d37b3f4ba3cb074bddcbd19) Importer(815301076,1909f56bfc062723c751e8b465ee728b)  -> (artifact id: '8c29f4e8508ba80caa2cc54a8c2f0902') in 0.925494 seconds 
  Import took 0.957595 seconds .

========================================================================
Received Import Request.
  Time since last request: 0.000362 seconds.
  path: Assets/YEE.FBX
  artifactKey: Guid(9545aeda43fc222459cbcc1b719e7ebf) Importer(815301076,1909f56bfc062723c751e8b465ee728b)
Start importing Assets/YEE.FBX using Guid(9545aeda43fc222459cbcc1b719e7ebf) Importer(815301076,1909f56bfc062723c751e8b465ee728b)  -> (artifact id: 'c641f6a0c36f0ebeb6149960e992009c') in 0.253485 seconds 
  Import took 0.256731 seconds .

========================================================================
Received Import Request.
  Time since last request: 0.000299 seconds.
  path: Assets/steny.jpg
  artifactKey: Guid(7c4c6fd381a739349a6312f6b18d799e) Importer(815301076,1909f56bfc062723c751e8b465ee728b)
Start importing Assets/steny.jpg using Guid(7c4c6fd381a739349a6312f6b18d799e) Importer(815301076,1909f56bfc062723c751e8b465ee728b)  -> (artifact id: 'a313c3ad1f0d441266c84e0ba492c810') in 0.077228 seconds 
  Import took 0.080202 seconds .

========================================================================
Received Import Request.
  Time since last request: 0.000305 seconds.
  path: Assets/i (1).jpg
  artifactKey: Guid(83e7f7c4b92c16f4b810bf05891b3e3d) Importer(815301076,1909f56bfc062723c751e8b465ee728b)
Start importing Assets/i (1).jpg using Guid(83e7f7c4b92c16f4b810bf05891b3e3d) Importer(815301076,1909f56bfc062723c751e8b465ee728b)  -> (artifact id: 'e8d25ff326516e9a112a5db739c90d37') in 0.033348 seconds 
  Import took 0.036475 seconds .

========================================================================
Received Import Request.
  Time since last request: 0.000332 seconds.
  path: Assets/i.jpg
  artifactKey: Guid(aa5f95c726a5de7409b2837eba517b6a) Importer(815301076,1909f56bfc062723c751e8b465ee728b)
Start importing Assets/i.jpg using Guid(aa5f95c726a5de7409b2837eba517b6a) Importer(815301076,1909f56bfc062723c751e8b465ee728b)  -> (artifact id: '475c09d2fffa40e30f21897ae1dae106') in 0.017962 seconds 
  Import took 0.038215 seconds .

========================================================================
Received Import Request.
  Time since last request: 0.000333 seconds.
  path: Assets/Slender.FBX
  artifactKey: Guid(de386411e681b0e4c800ad5f02a89226) Importer(815301076,1909f56bfc062723c751e8b465ee728b)
Start importing Assets/Slender.FBX using Guid(de386411e681b0e4c800ad5f02a89226) Importer(815301076,1909f56bfc062723c751e8b465ee728b)  -> (artifact id: 'a8ce0f2184e4ccc823cbf860f7fb6ddb') in 0.054052 seconds 
  Import took 0.057306 seconds .

========================================================================
Received Import Request.
  Time since last request: 0.000294 seconds.
  path: Assets/New Terrain 2.asset
  artifactKey: Guid(43282e20799ece746bb8bc438d239d7b) Importer(815301076,1909f56bfc062723c751e8b465ee728b)
Start importing Assets/New Terrain 2.asset using Guid(43282e20799ece746bb8bc438d239d7b) Importer(815301076,1909f56bfc062723c751e8b465ee728b)  -> (artifact id: '2ece54ccb01866478244e743f42b3bb0') in 0.215305 seconds 
  Import took 0.218953 seconds .

========================================================================
Received Import Request.
  Time since last request: 0.000318 seconds.
  path: Assets/kriltso.jpg
  artifactKey: Guid(a7d819c5defeaa54b986268364d45aab) Importer(815301076,1909f56bfc062723c751e8b465ee728b)
Start importing Assets/kriltso.jpg using Guid(a7d819c5defeaa54b986268364d45aab) Importer(815301076,1909f56bfc062723c751e8b465ee728b)  -> (artifact id: 'b65c4ca0994da70e9899493c1f09204c') in 0.064874 seconds 
  Import took 0.067832 seconds .

========================================================================
Received Import Request.
  Time since last request: 0.000363 seconds.
  path: Assets/rain1.mp3
  artifactKey: Guid(20d71a7370a7f7f47acbc30d98bdb362) Importer(815301076,1909f56bfc062723c751e8b465ee728b)
Start importing Assets/rain1.mp3 using Guid(20d71a7370a7f7f47acbc30d98bdb362) Importer(815301076,1909f56bfc062723c751e8b465ee728b)  -> (artifact id: '5d25896b78bfa35788e90bf13eb022bf') in 0.070743 seconds 
  Import took 0.073557 seconds .

========================================================================
Received Import Request.
  Time since last request: 0.000348 seconds.
  path: Assets/пнпн.FBX
  artifactKey: Guid(d050c09de231fe149b2d82820268d7b5) Importer(815301076,1909f56bfc062723c751e8b465ee728b)
Start importing Assets/пнпн.FBX using Guid(d050c09de231fe149b2d82820268d7b5) Importer(815301076,1909f56bfc062723c751e8b465ee728b)  -> (artifact id: '124771544aed2cd20fe6623784efef7d') in 0.231233 seconds 
  Import took 0.234425 seconds .

========================================================================
Received Import Request.
  Time since last request: 0.000304 seconds.
  path: Assets/New Terrain.asset
  artifactKey: Guid(ba4a1a14f9a3a0648bfd971a4c1aae9e) Importer(815301076,1909f56bfc062723c751e8b465ee728b)
Start importing Assets/New Terrain.asset using Guid(ba4a1a14f9a3a0648bfd971a4c1aae9e) Importer(815301076,1909f56bfc062723c751e8b465ee728b)  -> (artifact id: '1745addf96e4f17b88a08e2f5ca0fe81') in 0.222087 seconds 
  Import took 0.226836 seconds .

========================================================================
Received Import Request.
  Time since last request: 0.000350 seconds.
  path: Assets/pol.jpg
  artifactKey: Guid(20ddf4e9aefbcdb4286ba6bc2325a754) Importer(815301076,1909f56bfc062723c751e8b465ee728b)
Start importing Assets/pol.jpg using Guid(20ddf4e9aefbcdb4286ba6bc2325a754) Importer(815301076,1909f56bfc062723c751e8b465ee728b)  -> (artifact id: '3a1294aee61e48dfc0781e1c34d50a63') in 0.076529 seconds 
  Import took 0.079684 seconds .

========================================================================
Received Import Request.
  Time since last request: 0.000320 seconds.
  path: Assets/sschool(1).FBX
  artifactKey: Guid(a604d9ad8113c3f45a6f16c706333c15) Importer(815301076,1909f56bfc062723c751e8b465ee728b)
Start importing Assets/sschool(1).FBX using Guid(a604d9ad8113c3f45a6f16c706333c15) Importer(815301076,1909f56bfc062723c751e8b465ee728b)  -> (artifact id: 'b3830c10101732457ab458944cdccce7') in 0.224730 seconds 
  Import took 0.228141 seconds .

========================================================================
Received Import Request.
  Time since last request: 0.000309 seconds.
  path: Assets/PlasterWhite0131_2_M.jpg
  artifactKey: Guid(a1003aa6410614e48a6b41722adace21) Importer(815301076,1909f56bfc062723c751e8b465ee728b)
Start importing Assets/PlasterWhite0131_2_M.jpg using Guid(a1003aa6410614e48a6b41722adace21) Importer(815301076,1909f56bfc062723c751e8b465ee728b)  -> (artifact id: 'b456cc80cff0e23428492c83f9496bcb') in 0.081807 seconds 
  Import took 0.084831 seconds .

========================================================================
Received Import Request.
  Time since last request: 5.856072 seconds.
  path: Assets/Scenes/SampleScene.unity
  artifactKey: Guid(9fc0d4010bbf28b4594072e72b8655ab) Importer(815301076,1909f56bfc062723c751e8b465ee728b)
Start importing Assets/Scenes/SampleScene.unity using Guid(9fc0d4010bbf28b4594072e72b8655ab) Importer(815301076,1909f56bfc062723c751e8b465ee728b)  -> (artifact id: '85059f4f9e1a832ed95adaa0d25c5c4c') in 0.008642 seconds 
  Import took 0.012426 seconds .

========================================================================
Received Prepare
Registering precompiled user dll's ...
Registered in 0.173384 seconds.
Begin MonoManager ReloadAssembly
Native extension for WindowsStandalone target not found
Refreshing native plugins compatible for Editor in 0.42 ms, found 2 plugins.
Preloading 0 native plugins for Editor in 0.00 ms.
Mono: successfully reloaded assembly
- Completed reload, in  1.062 seconds
Domain Reload Profiling:
	ReloadAssembly (1063ms)
		BeginReloadAssembly (133ms)
			ExecutionOrderSort (0ms)
			DisableScriptedObjects (6ms)
			BackupInstance (0ms)
			ReleaseScriptingObjects (0ms)
			CreateAndSetChildDomain (38ms)
		EndReloadAssembly (867ms)
			LoadAssemblies (94ms)
			RebuildTransferFunctionScriptingTraits (0ms)
			SetupTypeCache (295ms)
			ReleaseScriptCaches (1ms)
			RebuildScriptCaches (51ms)
			SetupLoadedEditorAssemblies (323ms)
				LogAssemblyErrors (0ms)
				InitializePlatformSupportModulesInManaged (5ms)
				SetLoadedEditorAssemblies (1ms)
				RefreshPlugins (0ms)
				BeforeProcessingInitializeOnLoad (79ms)
				ProcessInitializeOnLoadAttributes (227ms)
				ProcessInitializeOnLoadMethodAttributes (9ms)
				AfterProcessingInitializeOnLoad (2ms)
				EditorAssembliesLoaded (0ms)
			ExecutionOrderSort2 (0ms)
			AwakeInstancesAfterBackupRestoration (7ms)
Platform modules already initialized, skipping
Refreshing native plugins compatible for Editor in 0.47 ms, found 2 plugins.
Preloading 0 native plugins for Editor in 0.00 ms.
Unloading 1592 Unused Serialized files (Serialized files now loaded: 0)
System memory in use before: 93.0 MB.
System memory in use after: 92.2 MB.

Unloading 18 unused Assets to reduce memory usage. Loaded Objects now: 2166.
Total: 4.192800 ms (FindLiveObjects: 0.210500 ms CreateObjectMapping: 0.071200 ms MarkObjects: 3.248800 ms  DeleteObjects: 0.661200 ms)

AssetImportParameters requested are different than current active one (requested -> active):
  custom:framework-win-MediaFoundation: 216162199b28c13a410421893ffa2e32 -> 
  custom:video-decoder-ogg-theora: a1e56fd34408186e4bbccfd4996cb3dc -> 
  custom:container-muxer-webm: aa71ff27fc2769a1b78a27578f13a17b -> 
  custom:container-demuxer-webm: 4f35f7cbe854078d1ac9338744f61a02 -> 
  custom:container-demuxer-ogg: 62fdf1f143b41e24485cea50d1cbac27 -> 
  custom:video-encoder-webm-vp8: eb34c28f22e8b96e1ab97ce403110664 -> 
  custom:video-decoder-webm-vp8: 9c59270c3fd7afecdb556c50c9e8de78 -> 
  custom:audio-decoder-ogg-vorbis: bf7c407c2cedff20999df2af8eb42d56 -> 
  custom:audio-encoder-webm-vorbis: bf7c407c2cedff20999df2af8eb42d56 -> 
========================================================================
Received Import Request.
  Time since last request: 1065.927985 seconds.
  path: Assets/_TerrainAutoUpgrade/layer_asphalt3d3aba195e4d26ee.terrainlayer
  artifactKey: Guid(067b64386c836314aa7be7316594a2bb) Importer(815301076,1909f56bfc062723c751e8b465ee728b)
Start importing Assets/_TerrainAutoUpgrade/layer_asphalt3d3aba195e4d26ee.terrainlayer using Guid(067b64386c836314aa7be7316594a2bb) Importer(815301076,1909f56bfc062723c751e8b465ee728b)  -> (artifact id: '67562e9beed8a678bf391d6a6d30c787') in 0.481308 seconds 
  Import took 0.503498 seconds .

========================================================================
Received Import Request.
  Time since last request: 0.000408 seconds.
  path: Assets/_TerrainAutoUpgrade/layer_i3d3aba195e4d26ee.terrainlayer
  artifactKey: Guid(089ced3a1d942844da78ade6ea4f216a) Importer(815301076,1909f56bfc062723c751e8b465ee728b)
Start importing Assets/_TerrainAutoUpgrade/layer_i3d3aba195e4d26ee.terrainlayer using Guid(089ced3a1d942844da78ade6ea4f216a) Importer(815301076,1909f56bfc062723c751e8b465ee728b)  -> (artifact id: 'df0fa8bb8a82309a8d60ebe875c61f02') in 0.108891 seconds 
  Import took 0.111802 seconds .

========================================================================
Received Import Request.
  Time since last request: 0.000273 seconds.
  path: Assets/_TerrainAutoUpgrade/layer_ASPHALT33d3aba195e4d26ee.terrainlayer
  artifactKey: Guid(7c7ca1d86b007424eb20ad6b0eafd0fe) Importer(815301076,1909f56bfc062723c751e8b465ee728b)
Start importing Assets/_TerrainAutoUpgrade/layer_ASPHALT33d3aba195e4d26ee.terrainlayer using Guid(7c7ca1d86b007424eb20ad6b0eafd0fe) Importer(815301076,1909f56bfc062723c751e8b465ee728b)  -> (artifact id: 'f8a9fad35fce4b47336bd5634d024b5c') in 0.069456 seconds 
  Import took 0.072356 seconds .

========================================================================
Received Import Request.
  Time since last request: 0.000373 seconds.
  path: Assets/_TerrainAutoUpgrade/layer_GrassHillAlbedo3d3aba195e4d26ee.terrainlayer
  artifactKey: Guid(cae7bda255bb7b14daf3abb161eb3f33) Importer(815301076,1909f56bfc062723c751e8b465ee728b)
Start importing Assets/_TerrainAutoUpgrade/layer_GrassHillAlbedo3d3aba195e4d26ee.terrainlayer using Guid(cae7bda255bb7b14daf3abb161eb3f33) Importer(815301076,1909f56bfc062723c751e8b465ee728b)  -> (artifact id: '4aff4fd80d46c24844c6fe779784c0b2') in 0.072651 seconds 
  Import took 0.075892 seconds .

========================================================================
Received Import Request.
  Time since last request: 0.000318 seconds.
  path: Assets/_TerrainAutoUpgrade/layer_i (1)3d3aba195e4d26ee.terrainlayer
  artifactKey: Guid(c7903e2fd8d57fe46943a20df20bb8d0) Importer(815301076,1909f56bfc062723c751e8b465ee728b)
Start importing Assets/_TerrainAutoUpgrade/layer_i (1)3d3aba195e4d26ee.terrainlayer using Guid(c7903e2fd8d57fe46943a20df20bb8d0) Importer(815301076,1909f56bfc062723c751e8b465ee728b)  -> (artifact id: '85fe59ddd6b4b5bee0d58a1b2c56a8ff') in 0.067915 seconds 
  Import took 0.113593 seconds .

========================================================================
Received Import Request.
  Time since last request: 15.423873 seconds.
  path: Assets/scene1.unity
  artifactKey: Guid(0ed458a341cdb3741a8da797ed8e64de) Importer(815301076,1909f56bfc062723c751e8b465ee728b)
Start importing Assets/scene1.unity using Guid(0ed458a341cdb3741a8da797ed8e64de) Importer(815301076,1909f56bfc062723c751e8b465ee728b)  -> (artifact id: '330421e2359357249a3a974421a4ee2a') in 0.064671 seconds 
  Import took 0.068410 seconds .

========================================================================
Received Prepare
Registering precompiled user dll's ...
Registered in 0.027866 seconds.
Begin MonoManager ReloadAssembly
Native extension for WindowsStandalone target not found
Refreshing native plugins compatible for Editor in 0.72 ms, found 2 plugins.
Preloading 0 native plugins for Editor in 0.00 ms.
Mono: successfully reloaded assembly
- Completed reload, in  1.536 seconds
Domain Reload Profiling:
	ReloadAssembly (1537ms)
		BeginReloadAssembly (289ms)
			ExecutionOrderSort (0ms)
			DisableScriptedObjects (5ms)
			BackupInstance (0ms)
			ReleaseScriptingObjects (0ms)
			CreateAndSetChildDomain (49ms)
		EndReloadAssembly (1172ms)
			LoadAssemblies (122ms)
			RebuildTransferFunctionScriptingTraits (0ms)
			SetupTypeCache (392ms)
			ReleaseScriptCaches (1ms)
			RebuildScriptCaches (57ms)
			SetupLoadedEditorAssemblies (473ms)
				LogAssemblyErrors (0ms)
				InitializePlatformSupportModulesInManaged (6ms)
				SetLoadedEditorAssemblies (1ms)
				RefreshPlugins (1ms)
				BeforeProcessingInitializeOnLoad (106ms)
				ProcessInitializeOnLoadAttributes (345ms)
				ProcessInitializeOnLoadMethodAttributes (11ms)
				AfterProcessingInitializeOnLoad (3ms)
				EditorAssembliesLoaded (1ms)
			ExecutionOrderSort2 (0ms)
			AwakeInstancesAfterBackupRestoration (9ms)
Platform modules already initialized, skipping
Refreshing native plugins compatible for Editor in 0.59 ms, found 2 plugins.
Preloading 0 native plugins for Editor in 0.00 ms.
Unloading 1592 Unused Serialized files (Serialized files now loaded: 0)
System memory in use before: 92.5 MB.
System memory in use after: 92.3 MB.

Unloading 16 unused Assets to reduce memory usage. Loaded Objects now: 2170.
Total: 4.989200 ms (FindLiveObjects: 0.312600 ms CreateObjectMapping: 0.104200 ms MarkObjects: 4.119300 ms  DeleteObjects: 0.451800 ms)

AssetImportParameters requested are different than current active one (requested -> active):
  custom:framework-win-MediaFoundation: 216162199b28c13a410421893ffa2e32 -> 
  custom:video-decoder-ogg-theora: a1e56fd34408186e4bbccfd4996cb3dc -> 
  custom:container-muxer-webm: aa71ff27fc2769a1b78a27578f13a17b -> 
  custom:container-demuxer-webm: 4f35f7cbe854078d1ac9338744f61a02 -> 
  custom:container-demuxer-ogg: 62fdf1f143b41e24485cea50d1cbac27 -> 
  custom:video-encoder-webm-vp8: eb34c28f22e8b96e1ab97ce403110664 -> 
  custom:video-decoder-webm-vp8: 9c59270c3fd7afecdb556c50c9e8de78 -> 
  custom:audio-decoder-ogg-vorbis: bf7c407c2cedff20999df2af8eb42d56 -> 
  custom:audio-encoder-webm-vorbis: bf7c407c2cedff20999df2af8eb42d56 -> 
AssetImportWorkerClient::OnTransportError - code=2 error=End of file
